<?xml version="1.0" encoding="UTF-8"?>
<!-- Generated by org.testng.reporters.JUnitReportReporter -->
<testsuite hostname="LAPTOP-SHJ53QN0" failures="0" tests="2" name="NewPro" time="0.015" errors="0" timestamp="2022-09-02T12:45:22 IST" skipped="0">
  <testcase classname="NewPro" name="test2" time="0.003"/>
  <system-out/>
  <testcase classname="NewPro" name="test1" time="0.012"/>
  <system-out/>
</testsuite> <!-- NewPro -->
